mode: set
/home/alessandro/desenvolvimento/workspaces/golang/bairesdev_go_training/level_1/statement/statement.go:9.29,11.2 1 1
/home/alessandro/desenvolvimento/workspaces/golang/bairesdev_go_training/level_1/statement/statement.go:13.27,18.2 3 1
/home/alessandro/desenvolvimento/workspaces/golang/bairesdev_go_training/level_1/statement/statement.go:20.33,21.35 1 1
/home/alessandro/desenvolvimento/workspaces/golang/bairesdev_go_training/level_1/statement/statement.go:26.2,26.11 1 1
/home/alessandro/desenvolvimento/workspaces/golang/bairesdev_go_training/level_1/statement/statement.go:21.35,22.16 1 1
/home/alessandro/desenvolvimento/workspaces/golang/bairesdev_go_training/level_1/statement/statement.go:22.16,24.4 1 1
/home/alessandro/desenvolvimento/workspaces/golang/bairesdev_go_training/level_1/statement/statement.go:29.32,31.2 1 1
/home/alessandro/desenvolvimento/workspaces/golang/bairesdev_go_training/level_1/statement/statement.go:33.13,49.2 12 0
