mode: set
/home/alessandro/desenvolvimento/workspaces/golang/bairesdev_go_training/level_1/calculator/calculator.go:12.62,15.2 2 1
/home/alessandro/desenvolvimento/workspaces/golang/bairesdev_go_training/level_1/calculator/calculator.go:17.67,20.2 2 1
/home/alessandro/desenvolvimento/workspaces/golang/bairesdev_go_training/level_1/calculator/calculator.go:22.67,25.2 2 1
/home/alessandro/desenvolvimento/workspaces/golang/bairesdev_go_training/level_1/calculator/calculator.go:27.74,28.15 1 1
/home/alessandro/desenvolvimento/workspaces/golang/bairesdev_go_training/level_1/calculator/calculator.go:33.2,34.22 2 1
/home/alessandro/desenvolvimento/workspaces/golang/bairesdev_go_training/level_1/calculator/calculator.go:28.15,31.3 1 1
/home/alessandro/desenvolvimento/workspaces/golang/bairesdev_go_training/level_1/calculator/calculator.go:37.13,50.2 9 0
/home/alessandro/desenvolvimento/workspaces/golang/bairesdev_go_training/level_1/age_filter/age_filter.go:7.52,10.27 2 1
/home/alessandro/desenvolvimento/workspaces/golang/bairesdev_go_training/level_1/age_filter/age_filter.go:16.2,16.15 1 1
/home/alessandro/desenvolvimento/workspaces/golang/bairesdev_go_training/level_1/age_filter/age_filter.go:10.27,11.31 1 1
/home/alessandro/desenvolvimento/workspaces/golang/bairesdev_go_training/level_1/age_filter/age_filter.go:11.31,13.4 1 1
/home/alessandro/desenvolvimento/workspaces/golang/bairesdev_go_training/level_1/age_filter/age_filter.go:19.13,22.2 2 0
/home/alessandro/desenvolvimento/workspaces/golang/bairesdev_go_training/level_1/inventory/inventory.go:20.42,22.15 1 1
/home/alessandro/desenvolvimento/workspaces/golang/bairesdev_go_training/level_1/inventory/inventory.go:29.2,30.12 2 1
/home/alessandro/desenvolvimento/workspaces/golang/bairesdev_go_training/level_1/inventory/inventory.go:22.15,25.3 1 1
/home/alessandro/desenvolvimento/workspaces/golang/bairesdev_go_training/level_1/inventory/inventory.go:25.8,25.42 1 1
/home/alessandro/desenvolvimento/workspaces/golang/bairesdev_go_training/level_1/inventory/inventory.go:25.42,28.3 1 1
/home/alessandro/desenvolvimento/workspaces/golang/bairesdev_go_training/level_1/inventory/inventory.go:36.34,37.16 1 0
/home/alessandro/desenvolvimento/workspaces/golang/bairesdev_go_training/level_1/inventory/inventory.go:37.16,39.3 1 0
/home/alessandro/desenvolvimento/workspaces/golang/bairesdev_go_training/level_1/inventory/inventory.go:39.8,41.3 1 0
/home/alessandro/desenvolvimento/workspaces/golang/bairesdev_go_training/level_1/inventory/inventory.go:44.13,63.2 14 0
/home/alessandro/desenvolvimento/workspaces/golang/bairesdev_go_training/level_1/statement/statement.go:9.29,11.2 1 1
/home/alessandro/desenvolvimento/workspaces/golang/bairesdev_go_training/level_1/statement/statement.go:13.27,18.2 3 1
/home/alessandro/desenvolvimento/workspaces/golang/bairesdev_go_training/level_1/statement/statement.go:20.33,21.35 1 1
/home/alessandro/desenvolvimento/workspaces/golang/bairesdev_go_training/level_1/statement/statement.go:26.2,26.11 1 1
/home/alessandro/desenvolvimento/workspaces/golang/bairesdev_go_training/level_1/statement/statement.go:21.35,22.16 1 1
/home/alessandro/desenvolvimento/workspaces/golang/bairesdev_go_training/level_1/statement/statement.go:22.16,24.4 1 1
/home/alessandro/desenvolvimento/workspaces/golang/bairesdev_go_training/level_1/statement/statement.go:29.32,31.2 1 1
/home/alessandro/desenvolvimento/workspaces/golang/bairesdev_go_training/level_1/statement/statement.go:33.13,49.2 12 0
/home/alessandro/desenvolvimento/workspaces/golang/bairesdev_go_training/level_1/queue/queue.go:11.35,13.2 1 1
/home/alessandro/desenvolvimento/workspaces/golang/bairesdev_go_training/level_1/queue/queue.go:15.31,19.2 3 1
/home/alessandro/desenvolvimento/workspaces/golang/bairesdev_go_training/level_1/queue/queue.go:21.13,31.2 7 0
/home/alessandro/desenvolvimento/workspaces/golang/bairesdev_go_training/level_2/interface_switch/interface_switch.go:11.30,13.2 1 1
/home/alessandro/desenvolvimento/workspaces/golang/bairesdev_go_training/level_2/interface_switch/interface_switch.go:20.34,22.2 1 1
/home/alessandro/desenvolvimento/workspaces/golang/bairesdev_go_training/level_2/interface_switch/interface_switch.go:28.30,29.18 1 1
/home/alessandro/desenvolvimento/workspaces/golang/bairesdev_go_training/level_2/interface_switch/interface_switch.go:35.2,35.11 1 0
/home/alessandro/desenvolvimento/workspaces/golang/bairesdev_go_training/level_2/interface_switch/interface_switch.go:30.13,31.28 1 1
/home/alessandro/desenvolvimento/workspaces/golang/bairesdev_go_training/level_2/interface_switch/interface_switch.go:32.17,33.32 1 1
/home/alessandro/desenvolvimento/workspaces/golang/bairesdev_go_training/level_2/interface_switch/interface_switch.go:38.13,44.2 4 0
/home/alessandro/desenvolvimento/workspaces/golang/bairesdev_go_training/level_2/musical_player_greetings/musical_player_greetings.go:19.40,21.2 1 1
/home/alessandro/desenvolvimento/workspaces/golang/bairesdev_go_training/level_2/musical_player_greetings/musical_player_greetings.go:23.40,25.2 1 1
/home/alessandro/desenvolvimento/workspaces/golang/bairesdev_go_training/level_2/musical_player_greetings/musical_player_greetings.go:27.13,37.37 7 0
/home/alessandro/desenvolvimento/workspaces/golang/bairesdev_go_training/level_2/musical_player_greetings/musical_player_greetings.go:37.37,39.3 1 0
/home/alessandro/desenvolvimento/workspaces/golang/bairesdev_go_training/level_2/shape_interfaces/shape_interfaces.go:22.33,24.2 1 1
/home/alessandro/desenvolvimento/workspaces/golang/bairesdev_go_training/level_2/shape_interfaces/shape_interfaces.go:26.38,28.2 1 1
/home/alessandro/desenvolvimento/workspaces/golang/bairesdev_go_training/level_2/shape_interfaces/shape_interfaces.go:30.36,32.2 1 1
/home/alessandro/desenvolvimento/workspaces/golang/bairesdev_go_training/level_2/shape_interfaces/shape_interfaces.go:34.41,36.2 1 1
/home/alessandro/desenvolvimento/workspaces/golang/bairesdev_go_training/level_2/shape_interfaces/shape_interfaces.go:38.19,41.2 2 0
/home/alessandro/desenvolvimento/workspaces/golang/bairesdev_go_training/level_2/shape_interfaces/shape_interfaces.go:43.13,53.31 7 0
/home/alessandro/desenvolvimento/workspaces/golang/bairesdev_go_training/level_2/shape_interfaces/shape_interfaces.go:53.31,55.3 1 0
/home/alessandro/desenvolvimento/workspaces/golang/bairesdev_go_training/level_2/statement/statement.go:22.33,25.2 1 1
/home/alessandro/desenvolvimento/workspaces/golang/bairesdev_go_training/level_2/statement/statement.go:27.33,30.2 1 1
/home/alessandro/desenvolvimento/workspaces/golang/bairesdev_go_training/level_2/statement/statement.go:32.56,34.2 1 1
/home/alessandro/desenvolvimento/workspaces/golang/bairesdev_go_training/level_2/statement/statement.go:36.56,38.2 1 1
/home/alessandro/desenvolvimento/workspaces/golang/bairesdev_go_training/level_2/statement/statement.go:40.31,41.18 1 1
/home/alessandro/desenvolvimento/workspaces/golang/bairesdev_go_training/level_2/statement/statement.go:48.2,48.16 1 1
/home/alessandro/desenvolvimento/workspaces/golang/bairesdev_go_training/level_2/statement/statement.go:42.14,43.22 1 1
/home/alessandro/desenvolvimento/workspaces/golang/bairesdev_go_training/level_2/statement/statement.go:44.14,45.22 1 1
/home/alessandro/desenvolvimento/workspaces/golang/bairesdev_go_training/level_2/statement/statement.go:51.13,57.2 4 0
/home/alessandro/desenvolvimento/workspaces/golang/bairesdev_go_training/level_3/source.go:7.27,8.11 1 1
/home/alessandro/desenvolvimento/workspaces/golang/bairesdev_go_training/level_3/source.go:11.2,11.10 1 1
/home/alessandro/desenvolvimento/workspaces/golang/bairesdev_go_training/level_3/source.go:8.11,10.3 1 1
