mode: set
/home/alessandro/desenvolvimento/workspaces/golang/bairesdev_go_training/level_5/rest_crud_api/rest_crud_api.go:31.56,36.32 1 1
/home/alessandro/desenvolvimento/workspaces/golang/bairesdev_go_training/level_5/rest_crud_api/rest_crud_api.go:40.2,40.13 1 1
/home/alessandro/desenvolvimento/workspaces/golang/bairesdev_go_training/level_5/rest_crud_api/rest_crud_api.go:36.32,38.3 1 1
/home/alessandro/desenvolvimento/workspaces/golang/bairesdev_go_training/level_5/rest_crud_api/rest_crud_api.go:43.60,46.16 3 1
/home/alessandro/desenvolvimento/workspaces/golang/bairesdev_go_training/level_5/rest_crud_api/rest_crud_api.go:51.2,52.16 2 1
/home/alessandro/desenvolvimento/workspaces/golang/bairesdev_go_training/level_5/rest_crud_api/rest_crud_api.go:58.2,58.32 1 1
/home/alessandro/desenvolvimento/workspaces/golang/bairesdev_go_training/level_5/rest_crud_api/rest_crud_api.go:64.2,66.41 3 1
/home/alessandro/desenvolvimento/workspaces/golang/bairesdev_go_training/level_5/rest_crud_api/rest_crud_api.go:46.16,50.3 3 0
/home/alessandro/desenvolvimento/workspaces/golang/bairesdev_go_training/level_5/rest_crud_api/rest_crud_api.go:52.16,56.3 3 0
/home/alessandro/desenvolvimento/workspaces/golang/bairesdev_go_training/level_5/rest_crud_api/rest_crud_api.go:58.32,63.3 3 1
/home/alessandro/desenvolvimento/workspaces/golang/bairesdev_go_training/level_5/rest_crud_api/rest_crud_api.go:69.60,73.21 3 1
/home/alessandro/desenvolvimento/workspaces/golang/bairesdev_go_training/level_5/rest_crud_api/rest_crud_api.go:79.2,79.51 1 1
/home/alessandro/desenvolvimento/workspaces/golang/bairesdev_go_training/level_5/rest_crud_api/rest_crud_api.go:73.21,77.3 3 1
/home/alessandro/desenvolvimento/workspaces/golang/bairesdev_go_training/level_5/rest_crud_api/rest_crud_api.go:79.51,80.61 1 1
/home/alessandro/desenvolvimento/workspaces/golang/bairesdev_go_training/level_5/rest_crud_api/rest_crud_api.go:80.61,82.9 2 1
/home/alessandro/desenvolvimento/workspaces/golang/bairesdev_go_training/level_5/rest_crud_api/rest_crud_api.go:87.61,89.2 1 1
/home/alessandro/desenvolvimento/workspaces/golang/bairesdev_go_training/level_5/rest_crud_api/rest_crud_api.go:91.60,95.16 4 1
/home/alessandro/desenvolvimento/workspaces/golang/bairesdev_go_training/level_5/rest_crud_api/rest_crud_api.go:99.2,100.16 2 1
/home/alessandro/desenvolvimento/workspaces/golang/bairesdev_go_training/level_5/rest_crud_api/rest_crud_api.go:106.2,106.36 1 1
/home/alessandro/desenvolvimento/workspaces/golang/bairesdev_go_training/level_5/rest_crud_api/rest_crud_api.go:111.2,113.21 2 1
/home/alessandro/desenvolvimento/workspaces/golang/bairesdev_go_training/level_5/rest_crud_api/rest_crud_api.go:119.2,119.49 1 1
/home/alessandro/desenvolvimento/workspaces/golang/bairesdev_go_training/level_5/rest_crud_api/rest_crud_api.go:124.2,124.51 1 1
/home/alessandro/desenvolvimento/workspaces/golang/bairesdev_go_training/level_5/rest_crud_api/rest_crud_api.go:95.16,98.3 2 0
/home/alessandro/desenvolvimento/workspaces/golang/bairesdev_go_training/level_5/rest_crud_api/rest_crud_api.go:100.16,104.3 3 0
/home/alessandro/desenvolvimento/workspaces/golang/bairesdev_go_training/level_5/rest_crud_api/rest_crud_api.go:106.36,110.3 3 1
/home/alessandro/desenvolvimento/workspaces/golang/bairesdev_go_training/level_5/rest_crud_api/rest_crud_api.go:113.21,117.3 3 0
/home/alessandro/desenvolvimento/workspaces/golang/bairesdev_go_training/level_5/rest_crud_api/rest_crud_api.go:119.49,123.3 3 1
/home/alessandro/desenvolvimento/workspaces/golang/bairesdev_go_training/level_5/rest_crud_api/rest_crud_api.go:124.51,125.56 1 1
/home/alessandro/desenvolvimento/workspaces/golang/bairesdev_go_training/level_5/rest_crud_api/rest_crud_api.go:125.56,128.9 3 1
/home/alessandro/desenvolvimento/workspaces/golang/bairesdev_go_training/level_5/rest_crud_api/rest_crud_api.go:133.65,137.21 3 1
/home/alessandro/desenvolvimento/workspaces/golang/bairesdev_go_training/level_5/rest_crud_api/rest_crud_api.go:143.2,145.16 3 1
/home/alessandro/desenvolvimento/workspaces/golang/bairesdev_go_training/level_5/rest_crud_api/rest_crud_api.go:149.2,150.16 2 1
/home/alessandro/desenvolvimento/workspaces/golang/bairesdev_go_training/level_5/rest_crud_api/rest_crud_api.go:155.2,155.51 1 1
/home/alessandro/desenvolvimento/workspaces/golang/bairesdev_go_training/level_5/rest_crud_api/rest_crud_api.go:137.21,141.3 3 0
/home/alessandro/desenvolvimento/workspaces/golang/bairesdev_go_training/level_5/rest_crud_api/rest_crud_api.go:145.16,148.3 2 0
/home/alessandro/desenvolvimento/workspaces/golang/bairesdev_go_training/level_5/rest_crud_api/rest_crud_api.go:150.16,154.3 3 0
/home/alessandro/desenvolvimento/workspaces/golang/bairesdev_go_training/level_5/rest_crud_api/rest_crud_api.go:155.51,156.61 1 1
/home/alessandro/desenvolvimento/workspaces/golang/bairesdev_go_training/level_5/rest_crud_api/rest_crud_api.go:156.61,158.43 1 1
/home/alessandro/desenvolvimento/workspaces/golang/bairesdev_go_training/level_5/rest_crud_api/rest_crud_api.go:161.4,161.43 1 1
/home/alessandro/desenvolvimento/workspaces/golang/bairesdev_go_training/level_5/rest_crud_api/rest_crud_api.go:164.4,164.49 1 1
/home/alessandro/desenvolvimento/workspaces/golang/bairesdev_go_training/level_5/rest_crud_api/rest_crud_api.go:167.4,167.38 1 1
/home/alessandro/desenvolvimento/workspaces/golang/bairesdev_go_training/level_5/rest_crud_api/rest_crud_api.go:170.4,172.9 3 1
/home/alessandro/desenvolvimento/workspaces/golang/bairesdev_go_training/level_5/rest_crud_api/rest_crud_api.go:158.43,160.5 1 1
/home/alessandro/desenvolvimento/workspaces/golang/bairesdev_go_training/level_5/rest_crud_api/rest_crud_api.go:161.43,163.5 1 0
/home/alessandro/desenvolvimento/workspaces/golang/bairesdev_go_training/level_5/rest_crud_api/rest_crud_api.go:164.49,166.5 1 1
/home/alessandro/desenvolvimento/workspaces/golang/bairesdev_go_training/level_5/rest_crud_api/rest_crud_api.go:167.38,169.5 1 1
/home/alessandro/desenvolvimento/workspaces/golang/bairesdev_go_training/level_5/rest_crud_api/rest_crud_api.go:176.60,180.21 3 1
/home/alessandro/desenvolvimento/workspaces/golang/bairesdev_go_training/level_5/rest_crud_api/rest_crud_api.go:186.2,186.51 1 1
/home/alessandro/desenvolvimento/workspaces/golang/bairesdev_go_training/level_5/rest_crud_api/rest_crud_api.go:180.21,184.3 3 0
/home/alessandro/desenvolvimento/workspaces/golang/bairesdev_go_training/level_5/rest_crud_api/rest_crud_api.go:186.51,187.61 1 1
/home/alessandro/desenvolvimento/workspaces/golang/bairesdev_go_training/level_5/rest_crud_api/rest_crud_api.go:187.61,190.9 3 1
/home/alessandro/desenvolvimento/workspaces/golang/bairesdev_go_training/level_5/rest_crud_api/rest_crud_api.go:194.13,203.2 8 0
