mode: set
/home/alessandro/desenvolvimento/workspaces/golang/bairesdev_go_training/level_5/rest_crud_api/rest_crud_api.go:31.60,34.16 3 1
/home/alessandro/desenvolvimento/workspaces/golang/bairesdev_go_training/level_5/rest_crud_api/rest_crud_api.go:39.2,40.16 2 1
/home/alessandro/desenvolvimento/workspaces/golang/bairesdev_go_training/level_5/rest_crud_api/rest_crud_api.go:45.2,48.35 1 1
/home/alessandro/desenvolvimento/workspaces/golang/bairesdev_go_training/level_5/rest_crud_api/rest_crud_api.go:53.2,55.41 3 1
/home/alessandro/desenvolvimento/workspaces/golang/bairesdev_go_training/level_5/rest_crud_api/rest_crud_api.go:34.16,38.3 3 0
/home/alessandro/desenvolvimento/workspaces/golang/bairesdev_go_training/level_5/rest_crud_api/rest_crud_api.go:40.16,44.3 3 0
/home/alessandro/desenvolvimento/workspaces/golang/bairesdev_go_training/level_5/rest_crud_api/rest_crud_api.go:48.35,52.3 3 1
/home/alessandro/desenvolvimento/workspaces/golang/bairesdev_go_training/level_5/rest_crud_api/rest_crud_api.go:58.60,60.51 2 1
/home/alessandro/desenvolvimento/workspaces/golang/bairesdev_go_training/level_5/rest_crud_api/rest_crud_api.go:60.51,62.61 2 1
/home/alessandro/desenvolvimento/workspaces/golang/bairesdev_go_training/level_5/rest_crud_api/rest_crud_api.go:62.61,64.9 2 1
/home/alessandro/desenvolvimento/workspaces/golang/bairesdev_go_training/level_5/rest_crud_api/rest_crud_api.go:69.61,71.2 1 1
/home/alessandro/desenvolvimento/workspaces/golang/bairesdev_go_training/level_5/rest_crud_api/rest_crud_api.go:73.60,77.16 4 1
/home/alessandro/desenvolvimento/workspaces/golang/bairesdev_go_training/level_5/rest_crud_api/rest_crud_api.go:81.2,82.16 2 1
/home/alessandro/desenvolvimento/workspaces/golang/bairesdev_go_training/level_5/rest_crud_api/rest_crud_api.go:87.2,90.39 1 1
/home/alessandro/desenvolvimento/workspaces/golang/bairesdev_go_training/level_5/rest_crud_api/rest_crud_api.go:96.2,97.49 2 1
/home/alessandro/desenvolvimento/workspaces/golang/bairesdev_go_training/level_5/rest_crud_api/rest_crud_api.go:102.2,102.51 1 1
/home/alessandro/desenvolvimento/workspaces/golang/bairesdev_go_training/level_5/rest_crud_api/rest_crud_api.go:77.16,80.3 2 0
/home/alessandro/desenvolvimento/workspaces/golang/bairesdev_go_training/level_5/rest_crud_api/rest_crud_api.go:82.16,86.3 3 0
/home/alessandro/desenvolvimento/workspaces/golang/bairesdev_go_training/level_5/rest_crud_api/rest_crud_api.go:90.39,95.3 3 1
/home/alessandro/desenvolvimento/workspaces/golang/bairesdev_go_training/level_5/rest_crud_api/rest_crud_api.go:97.49,101.3 3 1
/home/alessandro/desenvolvimento/workspaces/golang/bairesdev_go_training/level_5/rest_crud_api/rest_crud_api.go:102.51,103.56 1 1
/home/alessandro/desenvolvimento/workspaces/golang/bairesdev_go_training/level_5/rest_crud_api/rest_crud_api.go:103.56,106.9 3 1
/home/alessandro/desenvolvimento/workspaces/golang/bairesdev_go_training/level_5/rest_crud_api/rest_crud_api.go:110.65,115.16 5 1
/home/alessandro/desenvolvimento/workspaces/golang/bairesdev_go_training/level_5/rest_crud_api/rest_crud_api.go:119.2,120.16 2 1
/home/alessandro/desenvolvimento/workspaces/golang/bairesdev_go_training/level_5/rest_crud_api/rest_crud_api.go:125.2,125.51 1 1
/home/alessandro/desenvolvimento/workspaces/golang/bairesdev_go_training/level_5/rest_crud_api/rest_crud_api.go:115.16,118.3 2 0
/home/alessandro/desenvolvimento/workspaces/golang/bairesdev_go_training/level_5/rest_crud_api/rest_crud_api.go:120.16,124.3 3 0
/home/alessandro/desenvolvimento/workspaces/golang/bairesdev_go_training/level_5/rest_crud_api/rest_crud_api.go:125.51,126.61 1 1
/home/alessandro/desenvolvimento/workspaces/golang/bairesdev_go_training/level_5/rest_crud_api/rest_crud_api.go:126.61,128.43 1 1
/home/alessandro/desenvolvimento/workspaces/golang/bairesdev_go_training/level_5/rest_crud_api/rest_crud_api.go:131.4,131.43 1 1
/home/alessandro/desenvolvimento/workspaces/golang/bairesdev_go_training/level_5/rest_crud_api/rest_crud_api.go:134.4,134.49 1 1
/home/alessandro/desenvolvimento/workspaces/golang/bairesdev_go_training/level_5/rest_crud_api/rest_crud_api.go:137.4,137.38 1 1
/home/alessandro/desenvolvimento/workspaces/golang/bairesdev_go_training/level_5/rest_crud_api/rest_crud_api.go:140.4,142.9 3 1
/home/alessandro/desenvolvimento/workspaces/golang/bairesdev_go_training/level_5/rest_crud_api/rest_crud_api.go:128.43,130.5 1 1
/home/alessandro/desenvolvimento/workspaces/golang/bairesdev_go_training/level_5/rest_crud_api/rest_crud_api.go:131.43,133.5 1 0
/home/alessandro/desenvolvimento/workspaces/golang/bairesdev_go_training/level_5/rest_crud_api/rest_crud_api.go:134.49,136.5 1 1
/home/alessandro/desenvolvimento/workspaces/golang/bairesdev_go_training/level_5/rest_crud_api/rest_crud_api.go:137.38,139.5 1 1
/home/alessandro/desenvolvimento/workspaces/golang/bairesdev_go_training/level_5/rest_crud_api/rest_crud_api.go:146.60,149.51 3 1
/home/alessandro/desenvolvimento/workspaces/golang/bairesdev_go_training/level_5/rest_crud_api/rest_crud_api.go:149.51,150.61 1 1
/home/alessandro/desenvolvimento/workspaces/golang/bairesdev_go_training/level_5/rest_crud_api/rest_crud_api.go:150.61,153.9 3 1
/home/alessandro/desenvolvimento/workspaces/golang/bairesdev_go_training/level_5/rest_crud_api/rest_crud_api.go:157.13,166.2 8 0
