mode: set
/home/alessandro/desenvolvimento/workspaces/golang/bairesdev_go_training/level_2/statement/statement.go:22.33,25.2 1 1
/home/alessandro/desenvolvimento/workspaces/golang/bairesdev_go_training/level_2/statement/statement.go:27.33,30.2 1 1
/home/alessandro/desenvolvimento/workspaces/golang/bairesdev_go_training/level_2/statement/statement.go:32.56,34.2 1 1
/home/alessandro/desenvolvimento/workspaces/golang/bairesdev_go_training/level_2/statement/statement.go:36.56,38.2 1 1
/home/alessandro/desenvolvimento/workspaces/golang/bairesdev_go_training/level_2/statement/statement.go:40.31,41.18 1 1
/home/alessandro/desenvolvimento/workspaces/golang/bairesdev_go_training/level_2/statement/statement.go:48.2,48.16 1 1
/home/alessandro/desenvolvimento/workspaces/golang/bairesdev_go_training/level_2/statement/statement.go:42.14,43.22 1 1
/home/alessandro/desenvolvimento/workspaces/golang/bairesdev_go_training/level_2/statement/statement.go:44.14,45.22 1 1
/home/alessandro/desenvolvimento/workspaces/golang/bairesdev_go_training/level_2/statement/statement.go:51.13,57.2 4 0
